<?xml version="1.0" encoding="UTF-8"?>
<coverage generated="1789983371679" clover="3.2.0">
  <project timestamp="1789983371679" name="All files">
    <metrics statements="206" coveredstatements="196" conditionals="158" coveredconditionals="137" methods="52" coveredmethods="47" elements="416" coveredelements="380" complexity="0" loc="206" ncloc="206" packages="1" files="4" classes="4"/>
    <file name="Waveform.tsx" path="/Users/muhammad/Desktop/rn-waveform/src/Waveform.tsx">
      <metrics statements="134" coveredstatements="124" conditionals="72" coveredconditionals="58" methods="25" coveredmethods="20"/>
      <line num="16" count="1" type="stmt"/>
      <line num="24" count="1" type="stmt"/>
      <line num="31" count="1" type="stmt"/>
      <line num="32" count="1" type="stmt"/>
      <line num="34" count="1" type="stmt"/>
      <line num="42" count="1" type="stmt"/>
      <line num="43" count="1" type="stmt"/>
      <line num="44" count="1" type="stmt"/>
      <line num="85" count="9" type="stmt"/>
      <line num="86" count="93" type="cond" truecount="2" falsecount="0"/>
      <line num="87" count="9" type="stmt"/>
      <line num="99" count="1" type="stmt"/>
      <line num="100" count="186" type="stmt"/>
      <line num="101" count="186" type="stmt"/>
      <line num="102" count="186" type="cond" truecount="3" falsecount="1"/>
      <line num="104" count="186" type="stmt"/>
      <line num="105" count="186" type="stmt"/>
      <line num="106" count="186" type="stmt"/>
      <line num="107" count="11904" type="stmt"/>
      <line num="108" count="11904" type="stmt"/>
      <line num="109" count="11904" type="stmt"/>
      <line num="110" count="11904" type="stmt"/>
      <line num="111" count="11904" type="stmt"/>
      <line num="113" count="186" type="stmt"/>
      <line num="152" count="21" type="stmt"/>
      <line num="153" count="21" type="stmt"/>
      <line num="154" count="21" type="stmt"/>
      <line num="155" count="21" type="stmt"/>
      <line num="156" count="21" type="stmt"/>
      <line num="157" count="21" type="stmt"/>
      <line num="158" count="21" type="stmt"/>
      <line num="159" count="21" type="stmt"/>
      <line num="160" count="21" type="stmt"/>
      <line num="166" count="21" type="stmt"/>
      <line num="167" count="21" type="stmt"/>
      <line num="168" count="21" type="stmt"/>
      <line num="169" count="21" type="stmt"/>
      <line num="170" count="21" type="stmt"/>
      <line num="171" count="21" type="stmt"/>
      <line num="172" count="21" type="stmt"/>
      <line num="173" count="21" type="stmt"/>
      <line num="174" count="21" type="stmt"/>
      <line num="175" count="21" type="stmt"/>
      <line num="178" count="21" type="stmt"/>
      <line num="179" count="21" type="stmt"/>
      <line num="180" count="21" type="stmt"/>
      <line num="182" count="21" type="stmt"/>
      <line num="183" count="9" type="stmt"/>
      <line num="186" count="21" type="stmt"/>
      <line num="188" count="12" type="cond" truecount="1" falsecount="1"/>
      <line num="189" count="12" type="stmt"/>
      <line num="190" count="12" type="stmt"/>
      <line num="193" count="21" type="stmt"/>
      <line num="194" count="9" type="stmt"/>
      <line num="195" count="9" type="stmt"/>
      <line num="196" count="9" type="stmt"/>
      <line num="199" count="21" type="stmt"/>
      <line num="200" count="14" type="stmt"/>
      <line num="201" count="14" type="cond" truecount="2" falsecount="0"/>
      <line num="202" count="14" type="stmt"/>
      <line num="203" count="14" type="cond" truecount="1" falsecount="1"/>
      <line num="205" count="0" type="stmt"/>
      <line num="206" count="0" type="stmt"/>
      <line num="208" count="14" type="stmt"/>
      <line num="209" count="22" type="cond" truecount="3" falsecount="1"/>
      <line num="212" count="14" type="cond" truecount="2" falsecount="0"/>
      <line num="214" count="6" type="cond" truecount="2" falsecount="0"/>
      <line num="215" count="6" type="stmt"/>
      <line num="216" count="6" type="stmt"/>
      <line num="217" count="6" type="stmt"/>
      <line num="218" count="6" type="cond" truecount="4" falsecount="0"/>
      <line num="220" count="14" type="cond" truecount="2" falsecount="0"/>
      <line num="221" count="8" type="stmt"/>
      <line num="222" count="8" type="stmt"/>
      <line num="223" count="8" type="cond" truecount="2" falsecount="0"/>
      <line num="224" count="1" type="cond" truecount="3" falsecount="1"/>
      <line num="226" count="1" type="stmt"/>
      <line num="227" count="1" type="stmt"/>
      <line num="229" count="0" type="stmt"/>
      <line num="231" count="7" type="cond" truecount="4" falsecount="0"/>
      <line num="232" count="1" type="stmt"/>
      <line num="233" count="1" type="stmt"/>
      <line num="234" count="1" type="stmt"/>
      <line num="236" count="6" type="stmt"/>
      <line num="239" count="13" type="cond" truecount="2" falsecount="0"/>
      <line num="240" count="1" type="stmt"/>
      <line num="241" count="1" type="stmt"/>
      <line num="242" count="1" type="stmt"/>
      <line num="244" count="13" type="stmt"/>
      <line num="248" count="21" type="stmt"/>
      <line num="249" count="0" type="stmt"/>
      <line num="251" count="0" type="cond" truecount="0" falsecount="2"/>
      <line num="252" count="0" type="stmt"/>
      <line num="253" count="0" type="stmt"/>
      <line num="259" count="21" type="stmt"/>
      <line num="265" count="21" type="stmt"/>
      <line num="266" count="21" type="stmt"/>
      <line num="267" count="21" type="stmt"/>
      <line num="268" count="21" type="stmt"/>
      <line num="269" count="4" type="stmt"/>
      <line num="270" count="4" type="cond" truecount="3" falsecount="1"/>
      <line num="272" count="21" type="cond" truecount="2" falsecount="0"/>
      <line num="274" count="21" type="stmt"/>
      <line num="276" count="12" type="stmt"/>
      <line num="279" count="4" type="stmt"/>
      <line num="280" count="4" type="stmt"/>
      <line num="281" count="4" type="stmt"/>
      <line num="282" count="4" type="stmt"/>
      <line num="283" count="4" type="stmt"/>
      <line num="286" count="4" type="stmt"/>
      <line num="287" count="4" type="stmt"/>
      <line num="290" count="3" type="stmt"/>
      <line num="298" count="3" type="cond" truecount="1" falsecount="1"/>
      <line num="299" count="3" type="stmt"/>
      <line num="300" count="3" type="stmt"/>
      <line num="301" count="3" type="stmt"/>
      <line num="302" count="3" type="stmt"/>
      <line num="303" count="3" type="stmt"/>
      <line num="308" count="1" type="cond" truecount="3" falsecount="1"/>
      <line num="309" count="1" type="stmt"/>
      <line num="310" count="1" type="stmt"/>
      <line num="311" count="1" type="stmt"/>
      <line num="312" count="1" type="stmt"/>
      <line num="318" count="21" type="cond" truecount="0" falsecount="2"/>
      <line num="319" count="21" type="stmt"/>
      <line num="320" count="0" type="stmt"/>
      <line num="321" count="0" type="stmt"/>
      <line num="322" count="0" type="stmt"/>
      <line num="327" count="21" type="stmt"/>
      <line num="329" count="21" type="stmt"/>
      <line num="331" count="9" type="stmt"/>
      <line num="337" count="120" type="stmt"/>
      <line num="344" count="120" type="stmt"/>
      <line num="386" count="1" type="stmt"/>
    </file>
    <file name="decode.ts" path="/Users/muhammad/Desktop/rn-waveform/src/decode.ts">
      <metrics statements="40" coveredstatements="40" conditionals="41" coveredconditionals="39" methods="12" coveredmethods="12"/>
      <line num="3" count="11" type="stmt"/>
      <line num="16" count="3" type="stmt"/>
      <line num="18" count="3" type="stmt"/>
      <line num="22" count="3" type="stmt"/>
      <line num="23" count="3" type="stmt"/>
      <line num="25" count="3" type="stmt"/>
      <line num="26" count="3" type="stmt"/>
      <line num="28" count="3" type="stmt"/>
      <line num="29" count="461" type="cond" truecount="4" falsecount="0"/>
      <line num="32" count="15" type="cond" truecount="4" falsecount="0"/>
      <line num="33" count="11" type="stmt"/>
      <line num="34" count="11" type="stmt"/>
      <line num="59" count="9" type="cond" truecount="2" falsecount="0"/>
      <line num="60" count="9" type="stmt"/>
      <line num="61" count="9" type="cond" truecount="2" falsecount="0"/>
      <line num="62" count="1" type="stmt"/>
      <line num="68" count="8" type="stmt"/>
      <line num="69" count="8" type="cond" truecount="4" falsecount="0"/>
      <line num="71" count="7" type="cond" truecount="2" falsecount="0"/>
      <line num="72" count="7" type="stmt"/>
      <line num="73" count="7" type="cond" truecount="2" falsecount="0"/>
      <line num="75" count="6" type="stmt"/>
      <line num="77" count="6" type="stmt"/>
      <line num="78" count="6" type="stmt"/>
      <line num="81" count="6" type="stmt"/>
      <line num="82" count="1" type="stmt"/>
      <line num="87" count="5" type="cond" truecount="2" falsecount="0"/>
      <line num="88" count="4" type="stmt"/>
      <line num="93" count="4" type="cond" truecount="2" falsecount="0"/>
      <line num="94" count="4" type="stmt"/>
      <line num="96" count="6" type="cond" truecount="1" falsecount="1"/>
      <line num="100" count="6" type="stmt"/>
      <line num="101" count="6" type="stmt"/>
      <line num="106" count="2" type="stmt"/>
      <line num="107" count="2" type="cond" truecount="2" falsecount="0"/>
      <line num="108" count="1" type="stmt"/>
      <line num="113" count="3" type="stmt"/>
      <line num="117" count="11" type="stmt"/>
      <line num="121" count="16" type="cond" truecount="2" falsecount="0"/>
      <line num="122" count="15" type="stmt"/>
    </file>
    <file name="normalize.ts" path="/Users/muhammad/Desktop/rn-waveform/src/normalize.ts">
      <metrics statements="9" coveredstatements="9" conditionals="4" coveredconditionals="4" methods="3" coveredmethods="3"/>
      <line num="8" count="2" type="stmt"/>
      <line num="9" count="2" type="stmt"/>
      <line num="11" count="2" type="stmt"/>
      <line num="16" count="15" type="stmt"/>
      <line num="17" count="100033" type="cond" truecount="2" falsecount="0"/>
      <line num="18" count="15" type="cond" truecount="2" falsecount="0"/>
      <line num="19" count="11" type="stmt"/>
      <line num="20" count="100027" type="stmt"/>
      <line num="21" count="100027" type="stmt"/>
    </file>
    <file name="useWaveform.ts" path="/Users/muhammad/Desktop/rn-waveform/src/useWaveform.ts">
      <metrics statements="23" coveredstatements="23" conditionals="41" coveredconditionals="36" methods="12" coveredmethods="12"/>
      <line num="28" count="12" type="cond" truecount="1" falsecount="0"/>
      <line num="29" count="12" type="stmt"/>
      <line num="30" count="6" type="cond" truecount="3" falsecount="1"/>
      <line num="33" count="12" type="stmt"/>
      <line num="35" count="12" type="stmt"/>
      <line num="36" count="6" type="cond" truecount="4" falsecount="0"/>
      <line num="37" count="5" type="stmt"/>
      <line num="39" count="5" type="cond" truecount="2" falsecount="0"/>
      <line num="40" count="3" type="stmt"/>
      <line num="43" count="2" type="cond" truecount="1" falsecount="1"/>
      <line num="44" count="2" type="cond" truecount="4" falsecount="0"/>
      <line num="51" count="5" type="stmt"/>
      <line num="52" count="4" type="cond" truecount="2" falsecount="0"/>
      <line num="54" count="1" type="cond" truecount="1" falsecount="1"/>
      <line num="55" count="1" type="cond" truecount="2" falsecount="2"/>
      <line num="60" count="5" type="stmt"/>
      <line num="63" count="12" type="cond" truecount="2" falsecount="0"/>
      <line num="64" count="12" type="cond" truecount="2" falsecount="0"/>
      <line num="65" count="12" type="cond" truecount="2" falsecount="0"/>
      <line num="66" count="12" type="stmt"/>
      <line num="67" count="9" type="cond" truecount="4" falsecount="0"/>
      <line num="70" count="12" type="cond" truecount="2" falsecount="0"/>
      <line num="72" count="12" type="stmt"/>
    </file>
  </project>
</coverage>
