{"/Users/muhammad/Desktop/rn-waveform/src/Waveform.tsx": {"path":"/Users/muhammad/Desktop/rn-waveform/src/Waveform.tsx","statementMap":{"0":{"start":{"line":16,"column":22},"end":{"line":16,"column":65}},"1":{"start":{"line":24,"column":14},"end":{"line":24,"column":16}},"2":{"start":{"line":31,"column":15},"end":{"line":31,"column":16}},"3":{"start":{"line":32,"column":17},"end":{"line":32,"column":18}},"4":{"start":{"line":34,"column":23},"end":{"line":34,"column":27}},"5":{"start":{"line":42,"column":16},"end":{"line":42,"column":20}},"6":{"start":{"line":43,"column":14},"end":{"line":43,"column":17}},"7":{"start":{"line":44,"column":22},"end":{"line":44,"column":25}},"8":{"start":{"line":85,"column":24},"end":{"line":85,"column":26}},"9":{"start":{"line":86,"column":2},"end":{"line":86,"column":82}},"10":{"start":{"line":86,"column":15},"end":{"line":86,"column":32}},"11":{"start":{"line":86,"column":70},"end":{"line":86,"column":82}},"12":{"start":{"line":87,"column":2},"end":{"line":87,"column":13}},"13":{"start":{"line":99,"column":14},"end":{"line":118,"column":2}},"14":{"start":{"line":100,"column":16},"end":{"line":100,"column":29}},"15":{"start":{"line":101,"column":14},"end":{"line":101,"column":52}},"16":{"start":{"line":102,"column":2},"end":{"line":102,"column":45}},"17":{"start":{"line":102,"column":33},"end":{"line":102,"column":45}},"18":{"start":{"line":104,"column":14},"end":{"line":104,"column":26}},"19":{"start":{"line":105,"column":10},"end":{"line":105,"column":12}},"20":{"start":{"line":106,"column":2},"end":{"line":112,"column":3}},"21":{"start":{"line":106,"column":15},"end":{"line":106,"column":20}},"22":{"start":{"line":107,"column":22},"end":{"line":107,"column":72}},"23":{"start":{"line":108,"column":16},"end":{"line":108,"column":46}},"24":{"start":{"line":109,"column":19},"end":{"line":109,"column":60}},"25":{"start":{"line":110,"column":14},"end":{"line":110,"column":39}},"26":{"start":{"line":111,"column":4},"end":{"line":111,"column":67}},"27":{"start":{"line":113,"column":2},"end":{"line":117,"column":4}},"28":{"start":{"line":152,"column":16},"end":{"line":152,"column":33}},"29":{"start":{"line":153,"column":28},"end":{"line":153,"column":39}},"30":{"start":{"line":154,"column":15},"end":{"line":154,"column":24}},"31":{"start":{"line":155,"column":21},"end":{"line":155,"column":58}},"32":{"start":{"line":156,"column":22},"end":{"line":156,"column":39}},"33":{"start":{"line":157,"column":19},"end":{"line":157,"column":40}},"34":{"start":{"line":158,"column":23},"end":{"line":158,"column":77}},"35":{"start":{"line":159,"column":30},"end":{"line":159,"column":52}},"36":{"start":{"line":160,"column":22},"end":{"line":160,"column":50}},"37":{"start":{"line":166,"column":21},"end":{"line":166,"column":58}},"38":{"start":{"line":167,"column":20},"end":{"line":167,"column":37}},"39":{"start":{"line":168,"column":18},"end":{"line":168,"column":35}},"40":{"start":{"line":169,"column":19},"end":{"line":169,"column":56}},"41":{"start":{"line":170,"column":19},"end":{"line":170,"column":37}},"42":{"start":{"line":171,"column":18},"end":{"line":171,"column":43}},"43":{"start":{"line":172,"column":15},"end":{"line":172,"column":43}},"44":{"start":{"line":173,"column":19},"end":{"line":173,"column":39}},"45":{"start":{"line":174,"column":28},"end":{"line":174,"column":45}},"46":{"start":{"line":175,"column":22},"end":{"line":175,"column":40}},"47":{"start":{"line":178,"column":23},"end":{"line":178,"column":44}},"48":{"start":{"line":179,"column":24},"end":{"line":179,"column":42}},"49":{"start":{"line":180,"column":19},"end":{"line":180,"column":45}},"50":{"start":{"line":182,"column":2},"end":{"line":184,"column":29}},"51":{"start":{"line":183,"column":4},"end":{"line":183,"column":32}},"52":{"start":{"line":186,"column":2},"end":{"line":191,"column":63}},"53":{"start":{"line":188,"column":4},"end":{"line":188,"column":26}},"54":{"start":{"line":188,"column":19},"end":{"line":188,"column":26}},"55":{"start":{"line":189,"column":4},"end":{"line":189,"column":45}},"56":{"start":{"line":190,"column":4},"end":{"line":190,"column":25}},"57":{"start":{"line":193,"column":2},"end":{"line":197,"column":57}},"58":{"start":{"line":194,"column":4},"end":{"line":194,"column":30}},"59":{"start":{"line":195,"column":4},"end":{"line":195,"column":30}},"60":{"start":{"line":196,"column":4},"end":{"line":196,"column":26}},"61":{"start":{"line":199,"column":2},"end":{"line":245,"column":5}},"62":{"start":{"line":200,"column":16},"end":{"line":200,"column":31}},"63":{"start":{"line":201,"column":20},"end":{"line":201,"column":72}},"64":{"start":{"line":202,"column":4},"end":{"line":202,"column":28}},"65":{"start":{"line":203,"column":4},"end":{"line":207,"column":5}},"66":{"start":{"line":205,"column":6},"end":{"line":205,"column":38}},"67":{"start":{"line":206,"column":6},"end":{"line":206,"column":13}},"68":{"start":{"line":208,"column":20},"end":{"line":211,"column":24}},"69":{"start":{"line":209,"column":6},"end":{"line":211,"column":24}},"70":{"start":{"line":212,"column":4},"end":{"line":219,"column":5}},"71":{"start":{"line":214,"column":6},"end":{"line":214,"column":80}},"72":{"start":{"line":215,"column":6},"end":{"line":215,"column":27}},"73":{"start":{"line":216,"column":6},"end":{"line":216,"column":34}},"74":{"start":{"line":217,"column":6},"end":{"line":217,"column":29}},"75":{"start":{"line":218,"column":6},"end":{"line":218,"column":83}},"76":{"start":{"line":218,"column":57},"end":{"line":218,"column":83}},"77":{"start":{"line":220,"column":4},"end":{"line":238,"column":5}},"78":{"start":{"line":221,"column":6},"end":{"line":221,"column":38}},"79":{"start":{"line":222,"column":21},"end":{"line":222,"column":49}},"80":{"start":{"line":223,"column":6},"end":{"line":230,"column":7}},"81":{"start":{"line":224,"column":8},"end":{"line":228,"column":9}},"82":{"start":{"line":226,"column":10},"end":{"line":226,"column":78}},"83":{"start":{"line":227,"column":10},"end":{"line":227,"column":17}},"84":{"start":{"line":229,"column":8},"end":{"line":229,"column":35}},"85":{"start":{"line":231,"column":6},"end":{"line":237,"column":7}},"86":{"start":{"line":232,"column":8},"end":{"line":232,"column":42}},"87":{"start":{"line":233,"column":8},"end":{"line":233,"column":29}},"88":{"start":{"line":234,"column":8},"end":{"line":234,"column":36}},"89":{"start":{"line":236,"column":8},"end":{"line":236,"column":50}},"90":{"start":{"line":239,"column":4},"end":{"line":243,"column":5}},"91":{"start":{"line":240,"column":19},"end":{"line":240,"column":81}},"92":{"start":{"line":241,"column":6},"end":{"line":241,"column":29}},"93":{"start":{"line":242,"column":6},"end":{"line":242,"column":38}},"94":{"start":{"line":244,"column":4},"end":{"line":244,"column":72}},"95":{"start":{"line":248,"column":2},"end":{"line":257,"column":4}},"96":{"start":{"line":249,"column":10},"end":{"line":249,"column":57}},"97":{"start":{"line":251,"column":6},"end":{"line":254,"column":7}},"98":{"start":{"line":252,"column":8},"end":{"line":252,"column":33}},"99":{"start":{"line":253,"column":8},"end":{"line":253,"column":33}},"100":{"start":{"line":259,"column":21},"end":{"line":261,"column":5}},"101":{"start":{"line":259,"column":45},"end":{"line":261,"column":3}},"102":{"start":{"line":265,"column":20},"end":{"line":265,"column":66}},"103":{"start":{"line":266,"column":2},"end":{"line":266,"column":61}},"104":{"start":{"line":267,"column":20},"end":{"line":267,"column":59}},"105":{"start":{"line":267,"column":26},"end":{"line":267,"column":59}},"106":{"start":{"line":268,"column":21},"end":{"line":271,"column":3}},"107":{"start":{"line":269,"column":50},"end":{"line":269,"column":67}},"108":{"start":{"line":270,"column":4},"end":{"line":270,"column":68}},"109":{"start":{"line":270,"column":26},"end":{"line":270,"column":68}},"110":{"start":{"line":272,"column":22},"end":{"line":272,"column":58}},"111":{"start":{"line":274,"column":18},"end":{"line":316,"column":3}},"112":{"start":{"line":276,"column":6},"end":{"line":313,"column":10}},"113":{"start":{"line":279,"column":10},"end":{"line":279,"column":38}},"114":{"start":{"line":280,"column":10},"end":{"line":280,"column":32}},"115":{"start":{"line":281,"column":10},"end":{"line":281,"column":37}},"116":{"start":{"line":282,"column":10},"end":{"line":282,"column":47}},"117":{"start":{"line":283,"column":10},"end":{"line":283,"column":31}},"118":{"start":{"line":286,"column":21},"end":{"line":286,"column":80}},"119":{"start":{"line":287,"column":10},"end":{"line":287,"column":71}},"120":{"start":{"line":290,"column":10},"end":{"line":305,"column":12}},"121":{"start":{"line":298,"column":14},"end":{"line":298,"column":36}},"122":{"start":{"line":298,"column":29},"end":{"line":298,"column":36}},"123":{"start":{"line":299,"column":14},"end":{"line":299,"column":40}},"124":{"start":{"line":300,"column":14},"end":{"line":300,"column":39}},"125":{"start":{"line":301,"column":14},"end":{"line":301,"column":36}},"126":{"start":{"line":302,"column":14},"end":{"line":302,"column":37}},"127":{"start":{"line":303,"column":14},"end":{"line":303,"column":52}},"128":{"start":{"line":308,"column":10},"end":{"line":308,"column":49}},"129":{"start":{"line":308,"column":42},"end":{"line":308,"column":49}},"130":{"start":{"line":309,"column":10},"end":{"line":309,"column":47}},"131":{"start":{"line":310,"column":10},"end":{"line":310,"column":32}},"132":{"start":{"line":311,"column":10},"end":{"line":311,"column":33}},"133":{"start":{"line":312,"column":10},"end":{"line":312,"column":49}},"134":{"start":{"line":318,"column":17},"end":{"line":318,"column":78}},"135":{"start":{"line":318,"column":41},"end":{"line":318,"column":76}},"136":{"start":{"line":319,"column":20},"end":{"line":323,"column":4}},"137":{"start":{"line":320,"column":20},"end":{"line":320,"column":55}},"138":{"start":{"line":321,"column":18},"end":{"line":321,"column":88}},"139":{"start":{"line":322,"column":4},"end":{"line":322,"column":48}},"140":{"start":{"line":327,"column":17},"end":{"line":327,"column":116}},"141":{"start":{"line":327,"column":31},"end":{"line":327,"column":90}},"142":{"start":{"line":329,"column":2},"end":{"line":383,"column":4}},"143":{"start":{"line":331,"column":73},"end":{"line":331,"column":109}},"144":{"start":{"line":337,"column":18},"end":{"line":337,"column":131}},"145":{"start":{"line":344,"column":18},"end":{"line":344,"column":133}},"146":{"start":{"line":386,"column":15},"end":{"line":396,"column":2}}},"fnMap":{"0":{"name":"chunkRange","decl":{"start":{"line":84,"column":9},"end":{"line":84,"column":19}},"loc":{"start":{"line":84,"column":72},"end":{"line":88,"column":1}},"line":84},"1":{"name":"(anonymous_1)","decl":{"start":{"line":99,"column":19},"end":{"line":99,"column":20}},"loc":{"start":{"line":99,"column":86},"end":{"line":118,"column":1}},"line":99},"2":{"name":"Waveform","decl":{"start":{"line":129,"column":24},"end":{"line":129,"column":32}},"loc":{"start":{"line":151,"column":18},"end":{"line":384,"column":1}},"line":151},"3":{"name":"(anonymous_3)","decl":{"start":{"line":182,"column":12},"end":{"line":182,"column":13}},"loc":{"start":{"line":182,"column":18},"end":{"line":184,"column":3}},"line":182},"4":{"name":"(anonymous_4)","decl":{"start":{"line":186,"column":12},"end":{"line":186,"column":13}},"loc":{"start":{"line":186,"column":18},"end":{"line":191,"column":3}},"line":186},"5":{"name":"(anonymous_5)","decl":{"start":{"line":193,"column":12},"end":{"line":193,"column":13}},"loc":{"start":{"line":193,"column":18},"end":{"line":197,"column":3}},"line":193},"6":{"name":"(anonymous_6)","decl":{"start":{"line":199,"column":19},"end":{"line":199,"column":20}},"loc":{"start":{"line":199,"column":28},"end":{"line":245,"column":3}},"line":199},"7":{"name":"(anonymous_7)","decl":{"start":{"line":208,"column":20},"end":{"line":208,"column":21}},"loc":{"start":{"line":209,"column":6},"end":{"line":211,"column":24}},"line":209},"8":{"name":"(anonymous_8)","decl":{"start":{"line":249,"column":4},"end":{"line":249,"column":5}},"loc":{"start":{"line":249,"column":10},"end":{"line":249,"column":57}},"line":249},"9":{"name":"(anonymous_9)","decl":{"start":{"line":250,"column":4},"end":{"line":250,"column":5}},"loc":{"start":{"line":250,"column":12},"end":{"line":255,"column":5}},"line":250},"10":{"name":"(anonymous_10)","decl":{"start":{"line":259,"column":38},"end":{"line":259,"column":39}},"loc":{"start":{"line":259,"column":45},"end":{"line":261,"column":3}},"line":259},"11":{"name":"(anonymous_11)","decl":{"start":{"line":267,"column":20},"end":{"line":267,"column":21}},"loc":{"start":{"line":267,"column":26},"end":{"line":267,"column":59}},"line":267},"12":{"name":"(anonymous_12)","decl":{"start":{"line":268,"column":21},"end":{"line":268,"column":22}},"loc":{"start":{"line":268,"column":37},"end":{"line":271,"column":3}},"line":268},"13":{"name":"(anonymous_13)","decl":{"start":{"line":275,"column":4},"end":{"line":275,"column":5}},"loc":{"start":{"line":276,"column":6},"end":{"line":313,"column":10}},"line":276},"14":{"name":"(anonymous_14)","decl":{"start":{"line":278,"column":17},"end":{"line":278,"column":18}},"loc":{"start":{"line":278,"column":23},"end":{"line":284,"column":9}},"line":278},"15":{"name":"(anonymous_15)","decl":{"start":{"line":285,"column":18},"end":{"line":285,"column":19}},"loc":{"start":{"line":285,"column":27},"end":{"line":288,"column":9}},"line":285},"16":{"name":"(anonymous_16)","decl":{"start":{"line":289,"column":15},"end":{"line":289,"column":16}},"loc":{"start":{"line":289,"column":24},"end":{"line":306,"column":9}},"line":289},"17":{"name":"(anonymous_17)","decl":{"start":{"line":296,"column":12},"end":{"line":296,"column":13}},"loc":{"start":{"line":296,"column":24},"end":{"line":304,"column":13}},"line":296},"18":{"name":"(anonymous_18)","decl":{"start":{"line":307,"column":20},"end":{"line":307,"column":21}},"loc":{"start":{"line":307,"column":41},"end":{"line":313,"column":9}},"line":307},"19":{"name":"(anonymous_19)","decl":{"start":{"line":318,"column":34},"end":{"line":318,"column":35}},"loc":{"start":{"line":318,"column":41},"end":{"line":318,"column":76}},"line":318},"20":{"name":"(anonymous_20)","decl":{"start":{"line":319,"column":37},"end":{"line":319,"column":38}},"loc":{"start":{"line":319,"column":43},"end":{"line":323,"column":3}},"line":319},"21":{"name":"(anonymous_21)","decl":{"start":{"line":327,"column":25},"end":{"line":327,"column":26}},"loc":{"start":{"line":327,"column":31},"end":{"line":327,"column":90}},"line":327},"22":{"name":"(anonymous_22)","decl":{"start":{"line":331,"column":68},"end":{"line":331,"column":69}},"loc":{"start":{"line":331,"column":73},"end":{"line":331,"column":109}},"line":331},"23":{"name":"(anonymous_23)","decl":{"start":{"line":336,"column":28},"end":{"line":336,"column":29}},"loc":{"start":{"line":337,"column":18},"end":{"line":337,"column":131}},"line":337},"24":{"name":"(anonymous_24)","decl":{"start":{"line":343,"column":28},"end":{"line":343,"column":29}},"loc":{"start":{"line":344,"column":18},"end":{"line":344,"column":133}},"line":344}},"branchMap":{"0":{"loc":{"start":{"line":86,"column":34},"end":{"line":86,"column":63}},"type":"binary-expr","locations":[{"start":{"line":86,"column":34},"end":{"line":86,"column":41}},{"start":{"line":86,"column":45},"end":{"line":86,"column":63}}],"line":86},"1":{"loc":{"start":{"line":102,"column":2},"end":{"line":102,"column":45}},"type":"if","locations":[{"start":{"line":102,"column":2},"end":{"line":102,"column":45}},{"start":{},"end":{}}],"line":102},"2":{"loc":{"start":{"line":102,"column":6},"end":{"line":102,"column":31}},"type":"binary-expr","locations":[{"start":{"line":102,"column":6},"end":{"line":102,"column":15}},{"start":{"line":102,"column":19},"end":{"line":102,"column":31}}],"line":102},"3":{"loc":{"start":{"line":131,"column":2},"end":{"line":131,"column":16}},"type":"default-arg","locations":[{"start":{"line":131,"column":13},"end":{"line":131,"column":16}}],"line":131},"4":{"loc":{"start":{"line":134,"column":2},"end":{"line":134,"column":19}},"type":"default-arg","locations":[{"start":{"line":134,"column":14},"end":{"line":134,"column":19}}],"line":134},"5":{"loc":{"start":{"line":135,"column":2},"end":{"line":135,"column":18}},"type":"default-arg","locations":[{"start":{"line":135,"column":17},"end":{"line":135,"column":18}}],"line":135},"6":{"loc":{"start":{"line":136,"column":2},"end":{"line":136,"column":13}},"type":"default-arg","locations":[{"start":{"line":136,"column":11},"end":{"line":136,"column":13}}],"line":136},"7":{"loc":{"start":{"line":137,"column":2},"end":{"line":137,"column":19}},"type":"default-arg","locations":[{"start":{"line":137,"column":14},"end":{"line":137,"column":19}}],"line":137},"8":{"loc":{"start":{"line":141,"column":2},"end":{"line":141,"column":25}},"type":"default-arg","locations":[{"start":{"line":141,"column":16},"end":{"line":141,"column":25}}],"line":141},"9":{"loc":{"start":{"line":142,"column":2},"end":{"line":142,"column":27}},"type":"default-arg","locations":[{"start":{"line":142,"column":18},"end":{"line":142,"column":27}}],"line":142},"10":{"loc":{"start":{"line":143,"column":2},"end":{"line":143,"column":27}},"type":"default-arg","locations":[{"start":{"line":143,"column":18},"end":{"line":143,"column":27}}],"line":143},"11":{"loc":{"start":{"line":145,"column":2},"end":{"line":145,"column":16}},"type":"default-arg","locations":[{"start":{"line":145,"column":14},"end":{"line":145,"column":16}}],"line":145},"12":{"loc":{"start":{"line":146,"column":2},"end":{"line":146,"column":14}},"type":"default-arg","locations":[{"start":{"line":146,"column":13},"end":{"line":146,"column":14}}],"line":146},"13":{"loc":{"start":{"line":147,"column":2},"end":{"line":147,"column":12}},"type":"default-arg","locations":[{"start":{"line":147,"column":11},"end":{"line":147,"column":12}}],"line":147},"14":{"loc":{"start":{"line":148,"column":2},"end":{"line":148,"column":22}},"type":"default-arg","locations":[{"start":{"line":148,"column":18},"end":{"line":148,"column":22}}],"line":148},"15":{"loc":{"start":{"line":188,"column":4},"end":{"line":188,"column":26}},"type":"if","locations":[{"start":{"line":188,"column":4},"end":{"line":188,"column":26}},{"start":{},"end":{}}],"line":188},"16":{"loc":{"start":{"line":201,"column":20},"end":{"line":201,"column":72}},"type":"cond-expr","locations":[{"start":{"line":201,"column":44},"end":{"line":201,"column":46}},{"start":{"line":201,"column":49},"end":{"line":201,"column":72}}],"line":201},"17":{"loc":{"start":{"line":203,"column":4},"end":{"line":207,"column":5}},"type":"if","locations":[{"start":{"line":203,"column":4},"end":{"line":207,"column":5}},{"start":{},"end":{}}],"line":203},"18":{"loc":{"start":{"line":209,"column":6},"end":{"line":211,"column":24}},"type":"cond-expr","locations":[{"start":{"line":210,"column":10},"end":{"line":210,"column":62}},{"start":{"line":211,"column":10},"end":{"line":211,"column":24}}],"line":209},"19":{"loc":{"start":{"line":209,"column":6},"end":{"line":209,"column":42}},"type":"binary-expr","locations":[{"start":{"line":209,"column":6},"end":{"line":209,"column":19}},{"start":{"line":209,"column":23},"end":{"line":209,"column":42}}],"line":209},"20":{"loc":{"start":{"line":212,"column":4},"end":{"line":219,"column":5}},"type":"if","locations":[{"start":{"line":212,"column":4},"end":{"line":219,"column":5}},{"start":{},"end":{}}],"line":212},"21":{"loc":{"start":{"line":214,"column":23},"end":{"line":214,"column":79}},"type":"cond-expr","locations":[{"start":{"line":214,"column":44},"end":{"line":214,"column":60}},{"start":{"line":214,"column":63},"end":{"line":214,"column":79}}],"line":214},"22":{"loc":{"start":{"line":218,"column":6},"end":{"line":218,"column":83}},"type":"if","locations":[{"start":{"line":218,"column":6},"end":{"line":218,"column":83}},{"start":{},"end":{}}],"line":218},"23":{"loc":{"start":{"line":218,"column":10},"end":{"line":218,"column":55}},"type":"binary-expr","locations":[{"start":{"line":218,"column":10},"end":{"line":218,"column":28}},{"start":{"line":218,"column":32},"end":{"line":218,"column":55}}],"line":218},"24":{"loc":{"start":{"line":220,"column":4},"end":{"line":238,"column":5}},"type":"if","locations":[{"start":{"line":220,"column":4},"end":{"line":238,"column":5}},{"start":{},"end":{}}],"line":220},"25":{"loc":{"start":{"line":223,"column":6},"end":{"line":230,"column":7}},"type":"if","locations":[{"start":{"line":223,"column":6},"end":{"line":230,"column":7}},{"start":{},"end":{}}],"line":223},"26":{"loc":{"start":{"line":224,"column":8},"end":{"line":228,"column":9}},"type":"if","locations":[{"start":{"line":224,"column":8},"end":{"line":228,"column":9}},{"start":{},"end":{}}],"line":224},"27":{"loc":{"start":{"line":224,"column":12},"end":{"line":224,"column":84}},"type":"binary-expr","locations":[{"start":{"line":224,"column":12},"end":{"line":224,"column":38}},{"start":{"line":224,"column":42},"end":{"line":224,"column":84}}],"line":224},"28":{"loc":{"start":{"line":231,"column":6},"end":{"line":237,"column":7}},"type":"if","locations":[{"start":{"line":231,"column":6},"end":{"line":237,"column":7}},{"start":{"line":235,"column":13},"end":{"line":237,"column":7}}],"line":231},"29":{"loc":{"start":{"line":231,"column":10},"end":{"line":231,"column":54}},"type":"binary-expr","locations":[{"start":{"line":231,"column":10},"end":{"line":231,"column":24}},{"start":{"line":231,"column":28},"end":{"line":231,"column":54}}],"line":231},"30":{"loc":{"start":{"line":239,"column":4},"end":{"line":243,"column":5}},"type":"if","locations":[{"start":{"line":239,"column":4},"end":{"line":243,"column":5}},{"start":{},"end":{}}],"line":239},"31":{"loc":{"start":{"line":251,"column":6},"end":{"line":254,"column":7}},"type":"if","locations":[{"start":{"line":251,"column":6},"end":{"line":254,"column":7}},{"start":{},"end":{}}],"line":251},"32":{"loc":{"start":{"line":270,"column":4},"end":{"line":270,"column":68}},"type":"if","locations":[{"start":{"line":270,"column":4},"end":{"line":270,"column":68}},{"start":{},"end":{}}],"line":270},"33":{"loc":{"start":{"line":270,"column":8},"end":{"line":270,"column":24}},"type":"binary-expr","locations":[{"start":{"line":270,"column":8},"end":{"line":270,"column":11}},{"start":{"line":270,"column":15},"end":{"line":270,"column":24}}],"line":270},"34":{"loc":{"start":{"line":272,"column":22},"end":{"line":272,"column":58}},"type":"binary-expr","locations":[{"start":{"line":272,"column":22},"end":{"line":272,"column":40}},{"start":{"line":272,"column":44},"end":{"line":272,"column":58}}],"line":272},"35":{"loc":{"start":{"line":298,"column":14},"end":{"line":298,"column":36}},"type":"if","locations":[{"start":{"line":298,"column":14},"end":{"line":298,"column":36}},{"start":{},"end":{}}],"line":298},"36":{"loc":{"start":{"line":308,"column":10},"end":{"line":308,"column":49}},"type":"if","locations":[{"start":{"line":308,"column":10},"end":{"line":308,"column":49}},{"start":{},"end":{}}],"line":308},"37":{"loc":{"start":{"line":308,"column":14},"end":{"line":308,"column":40}},"type":"binary-expr","locations":[{"start":{"line":308,"column":14},"end":{"line":308,"column":21}},{"start":{"line":308,"column":25},"end":{"line":308,"column":40}}],"line":308},"38":{"loc":{"start":{"line":318,"column":52},"end":{"line":318,"column":74}},"type":"cond-expr","locations":[{"start":{"line":318,"column":69},"end":{"line":318,"column":70}},{"start":{"line":318,"column":73},"end":{"line":318,"column":74}}],"line":318},"39":{"loc":{"start":{"line":332,"column":9},"end":{"line":380,"column":9}},"type":"binary-expr","locations":[{"start":{"line":332,"column":9},"end":{"line":332,"column":18}},{"start":{"line":333,"column":10},"end":{"line":379,"column":13}}],"line":332},"40":{"loc":{"start":{"line":348,"column":13},"end":{"line":363,"column":13}},"type":"binary-expr","locations":[{"start":{"line":348,"column":13},"end":{"line":348,"column":22}},{"start":{"line":349,"column":14},"end":{"line":362,"column":20}}],"line":348},"41":{"loc":{"start":{"line":365,"column":13},"end":{"line":378,"column":13}},"type":"binary-expr","locations":[{"start":{"line":365,"column":13},"end":{"line":365,"column":26}},{"start":{"line":366,"column":14},"end":{"line":377,"column":30}}],"line":365}},"s":{"0":1,"1":1,"2":1,"3":1,"4":1,"5":1,"6":1,"7":1,"8":9,"9":9,"10":9,"11":93,"12":9,"13":1,"14":186,"15":186,"16":186,"17":0,"18":186,"19":186,"20":186,"21":186,"22":11904,"23":11904,"24":11904,"25":11904,"26":11904,"27":186,"28":21,"29":21,"30":21,"31":21,"32":21,"33":21,"34":21,"35":21,"36":21,"37":21,"38":21,"39":21,"40":21,"41":21,"42":21,"43":21,"44":21,"45":21,"46":21,"47":21,"48":21,"49":21,"50":21,"51":9,"52":21,"53":12,"54":0,"55":12,"56":12,"57":21,"58":9,"59":9,"60":9,"61":21,"62":14,"63":14,"64":14,"65":14,"66":0,"67":0,"68":14,"69":22,"70":14,"71":6,"72":6,"73":6,"74":6,"75":6,"76":1,"77":14,"78":8,"79":8,"80":8,"81":1,"82":1,"83":1,"84":0,"85":7,"86":1,"87":1,"88":1,"89":6,"90":13,"91":1,"92":1,"93":1,"94":13,"95":21,"96":0,"97":0,"98":0,"99":0,"100":21,"101":0,"102":21,"103":21,"104":21,"105":4,"106":21,"107":4,"108":4,"109":4,"110":21,"111":21,"112":12,"113":4,"114":4,"115":4,"116":4,"117":4,"118":4,"119":4,"120":3,"121":3,"122":0,"123":3,"124":3,"125":3,"126":3,"127":3,"128":1,"129":0,"130":1,"131":1,"132":1,"133":1,"134":21,"135":0,"136":21,"137":0,"138":0,"139":0,"140":21,"141":9,"142":21,"143":9,"144":120,"145":120,"146":1},"f":{"0":9,"1":186,"2":21,"3":9,"4":12,"5":9,"6":14,"7":22,"8":0,"9":0,"10":0,"11":4,"12":4,"13":12,"14":4,"15":4,"16":3,"17":3,"18":1,"19":0,"20":0,"21":9,"22":9,"23":120,"24":120},"b":{"0":[102,93],"1":[0,186],"2":[186,186],"3":[0],"4":[8],"5":[8],"6":[21],"7":[21],"8":[21],"9":[21],"10":[21],"11":[21],"12":[21],"13":[21],"14":[21],"15":[0,12],"16":[5,9],"17":[0,14],"18":[22,0],"19":[22,22],"20":[6,8],"21":[5,1],"22":[1,5],"23":[6,1],"24":[8,6],"25":[1,7],"26":[1,0],"27":[1,1],"28":[1,6],"29":[7,7],"30":[1,12],"31":[0,0],"32":[4,0],"33":[4,4],"34":[21,18],"35":[0,3],"36":[0,1],"37":[1,1],"38":[0,0],"39":[21,12],"40":[12,0],"41":[12,12]},"_coverageSchema":"1a1c01bbd47fc00a2c39e90264f33305004495a9","hash":"012095d02b73f41bb9c7c3f38ec19658fce1fa1f"}
,"/Users/muhammad/Desktop/rn-waveform/src/decode.ts": {"path":"/Users/muhammad/Desktop/rn-waveform/src/decode.ts","statementMap":{"0":{"start":{"line":3,"column":18},"end":{"line":3,"column":48}},"1":{"start":{"line":3,"column":24},"end":{"line":3,"column":48}},"2":{"start":{"line":16,"column":28},"end":{"line":16,"column":30}},"3":{"start":{"line":18,"column":25},"end":{"line":18,"column":28}},"4":{"start":{"line":22,"column":24},"end":{"line":22,"column":30}},"5":{"start":{"line":23,"column":25},"end":{"line":23,"column":30}},"6":{"start":{"line":25,"column":16},"end":{"line":25,"column":56}},"7":{"start":{"line":26,"column":14},"end":{"line":26,"column":45}},"8":{"start":{"line":28,"column":16},"end":{"line":29,"column":81}},"9":{"start":{"line":29,"column":2},"end":{"line":29,"column":81}},"10":{"start":{"line":32,"column":2},"end":{"line":32,"column":63}},"11":{"start":{"line":32,"column":50},"end":{"line":32,"column":63}},"12":{"start":{"line":33,"column":31},"end":{"line":33,"column":61}},"13":{"start":{"line":34,"column":2},"end":{"line":37,"column":4}},"14":{"start":{"line":59,"column":49},"end":{"line":59,"column":56}},"15":{"start":{"line":60,"column":17},"end":{"line":60,"column":28}},"16":{"start":{"line":61,"column":2},"end":{"line":67,"column":3}},"17":{"start":{"line":62,"column":4},"end":{"line":66,"column":6}},"18":{"start":{"line":68,"column":17},"end":{"line":68,"column":32}},"19":{"start":{"line":69,"column":2},"end":{"line":69,"column":55}},"20":{"start":{"line":69,"column":24},"end":{"line":69,"column":55}},"21":{"start":{"line":71,"column":14},"end":{"line":71,"column":59}},"22":{"start":{"line":72,"column":19},"end":{"line":72,"column":35}},"23":{"start":{"line":73,"column":2},"end":{"line":73,"column":32}},"24":{"start":{"line":73,"column":16},"end":{"line":73,"column":32}},"25":{"start":{"line":75,"column":18},"end":{"line":98,"column":6}},"26":{"start":{"line":77,"column":4},"end":{"line":97,"column":5}},"27":{"start":{"line":78,"column":31},"end":{"line":86,"column":8}},"28":{"start":{"line":81,"column":10},"end":{"line":84,"column":12}},"29":{"start":{"line":82,"column":18},"end":{"line":82,"column":64}},"30":{"start":{"line":87,"column":6},"end":{"line":87,"column":93}},"31":{"start":{"line":87,"column":43},"end":{"line":87,"column":93}},"32":{"start":{"line":88,"column":37},"end":{"line":92,"column":7}},"33":{"start":{"line":93,"column":6},"end":{"line":93,"column":44}},"34":{"start":{"line":93,"column":18},"end":{"line":93,"column":44}},"35":{"start":{"line":94,"column":6},"end":{"line":94,"column":22}},"36":{"start":{"line":96,"column":6},"end":{"line":96,"column":37}},"37":{"start":{"line":96,"column":17},"end":{"line":96,"column":37}},"38":{"start":{"line":100,"column":2},"end":{"line":100,"column":28}},"39":{"start":{"line":101,"column":2},"end":{"line":101,"column":52}},"40":{"start":{"line":101,"column":31},"end":{"line":101,"column":50}},"41":{"start":{"line":106,"column":17},"end":{"line":106,"column":28}},"42":{"start":{"line":107,"column":2},"end":{"line":107,"column":89}},"43":{"start":{"line":107,"column":15},"end":{"line":107,"column":89}},"44":{"start":{"line":108,"column":2},"end":{"line":108,"column":41}},"45":{"start":{"line":113,"column":2},"end":{"line":113,"column":28}},"46":{"start":{"line":117,"column":2},"end":{"line":117,"column":25}},"47":{"start":{"line":121,"column":2},"end":{"line":122,"column":21}},"48":{"start":{"line":121,"column":12},"end":{"line":121,"column":31}},"49":{"start":{"line":122,"column":7},"end":{"line":122,"column":21}}},"fnMap":{"0":{"name":"(anonymous_0)","decl":{"start":{"line":3,"column":18},"end":{"line":3,"column":19}},"loc":{"start":{"line":3,"column":24},"end":{"line":3,"column":48}},"line":3},"1":{"name":"(anonymous_1)","decl":{"start":{"line":28,"column":16},"end":{"line":28,"column":17}},"loc":{"start":{"line":29,"column":2},"end":{"line":29,"column":81}},"line":29},"2":{"name":"isValidWaveform","decl":{"start":{"line":31,"column":16},"end":{"line":31,"column":31}},"loc":{"start":{"line":31,"column":92},"end":{"line":38,"column":1}},"line":31},"3":{"name":"decodeWaveform","decl":{"start":{"line":58,"column":16},"end":{"line":58,"column":30}},"loc":{"start":{"line":58,"column":97},"end":{"line":102,"column":1}},"line":58},"4":{"name":"(anonymous_4)","decl":{"start":{"line":75,"column":19},"end":{"line":75,"column":20}},"loc":{"start":{"line":75,"column":31},"end":{"line":98,"column":3}},"line":75},"5":{"name":"(anonymous_5)","decl":{"start":{"line":80,"column":20},"end":{"line":80,"column":21}},"loc":{"start":{"line":80,"column":35},"end":{"line":85,"column":9}},"line":80},"6":{"name":"(anonymous_6)","decl":{"start":{"line":82,"column":12},"end":{"line":82,"column":13}},"loc":{"start":{"line":82,"column":18},"end":{"line":82,"column":64}},"line":82},"7":{"name":"(anonymous_7)","decl":{"start":{"line":101,"column":25},"end":{"line":101,"column":26}},"loc":{"start":{"line":101,"column":31},"end":{"line":101,"column":50}},"line":101},"8":{"name":"getDurationSeconds","decl":{"start":{"line":105,"column":16},"end":{"line":105,"column":34}},"loc":{"start":{"line":105,"column":66},"end":{"line":109,"column":1}},"line":105},"9":{"name":"cacheWaveform","decl":{"start":{"line":112,"column":16},"end":{"line":112,"column":29}},"loc":{"start":{"line":112,"column":74},"end":{"line":114,"column":1}},"line":112},"10":{"name":"getCachedWaveform","decl":{"start":{"line":116,"column":16},"end":{"line":116,"column":33}},"loc":{"start":{"line":116,"column":74},"end":{"line":118,"column":1}},"line":116},"11":{"name":"clearWaveformCache","decl":{"start":{"line":120,"column":16},"end":{"line":120,"column":34}},"loc":{"start":{"line":120,"column":56},"end":{"line":123,"column":1}},"line":120}},"branchMap":{"0":{"loc":{"start":{"line":29,"column":2},"end":{"line":29,"column":81}},"type":"binary-expr","locations":[{"start":{"line":29,"column":2},"end":{"line":29,"column":27}},{"start":{"line":29,"column":31},"end":{"line":29,"column":53}},{"start":{"line":29,"column":57},"end":{"line":29,"column":67}},{"start":{"line":29,"column":71},"end":{"line":29,"column":81}}],"line":29},"1":{"loc":{"start":{"line":31,"column":48},"end":{"line":31,"column":67}},"type":"default-arg","locations":[{"start":{"line":31,"column":55},"end":{"line":31,"column":67}}],"line":31},"2":{"loc":{"start":{"line":32,"column":2},"end":{"line":32,"column":63}},"type":"if","locations":[{"start":{"line":32,"column":2},"end":{"line":32,"column":63}},{"start":{},"end":{}}],"line":32},"3":{"loc":{"start":{"line":32,"column":6},"end":{"line":32,"column":48}},"type":"binary-expr","locations":[{"start":{"line":32,"column":6},"end":{"line":32,"column":19}},{"start":{"line":32,"column":23},"end":{"line":32,"column":48}}],"line":32},"4":{"loc":{"start":{"line":35,"column":4},"end":{"line":36,"column":50}},"type":"binary-expr","locations":[{"start":{"line":35,"column":4},"end":{"line":35,"column":27}},{"start":{"line":35,"column":31},"end":{"line":35,"column":55}},{"start":{"line":35,"column":59},"end":{"line":35,"column":82}},{"start":{"line":36,"column":4},"end":{"line":36,"column":25}},{"start":{"line":36,"column":29},"end":{"line":36,"column":50}}],"line":35},"5":{"loc":{"start":{"line":58,"column":45},"end":{"line":58,"column":72}},"type":"default-arg","locations":[{"start":{"line":58,"column":70},"end":{"line":58,"column":72}}],"line":58},"6":{"loc":{"start":{"line":59,"column":10},"end":{"line":59,"column":23}},"type":"default-arg","locations":[{"start":{"line":59,"column":18},"end":{"line":59,"column":23}}],"line":59},"7":{"loc":{"start":{"line":59,"column":25},"end":{"line":59,"column":44}},"type":"default-arg","locations":[{"start":{"line":59,"column":32},"end":{"line":59,"column":44}}],"line":59},"8":{"loc":{"start":{"line":61,"column":2},"end":{"line":67,"column":3}},"type":"if","locations":[{"start":{"line":61,"column":2},"end":{"line":67,"column":3}},{"start":{},"end":{}}],"line":61},"9":{"loc":{"start":{"line":69,"column":2},"end":{"line":69,"column":55}},"type":"if","locations":[{"start":{"line":69,"column":2},"end":{"line":69,"column":55}},{"start":{},"end":{}}],"line":69},"10":{"loc":{"start":{"line":69,"column":6},"end":{"line":69,"column":22}},"type":"binary-expr","locations":[{"start":{"line":69,"column":6},"end":{"line":69,"column":12}},{"start":{"line":69,"column":16},"end":{"line":69,"column":22}}],"line":69},"11":{"loc":{"start":{"line":71,"column":17},"end":{"line":71,"column":41}},"type":"cond-expr","locations":[{"start":{"line":71,"column":25},"end":{"line":71,"column":32}},{"start":{"line":71,"column":35},"end":{"line":71,"column":41}}],"line":71},"12":{"loc":{"start":{"line":73,"column":2},"end":{"line":73,"column":32}},"type":"if","locations":[{"start":{"line":73,"column":2},"end":{"line":73,"column":32}},{"start":{},"end":{}}],"line":73},"13":{"loc":{"start":{"line":83,"column":12},"end":{"line":83,"column":54}},"type":"cond-expr","locations":[{"start":{"line":83,"column":20},"end":{"line":83,"column":36}},{"start":{"line":83,"column":39},"end":{"line":83,"column":54}}],"line":83},"14":{"loc":{"start":{"line":87,"column":6},"end":{"line":87,"column":93}},"type":"if","locations":[{"start":{"line":87,"column":6},"end":{"line":87,"column":93}},{"start":{},"end":{}}],"line":87},"15":{"loc":{"start":{"line":91,"column":18},"end":{"line":91,"column":47}},"type":"binary-expr","locations":[{"start":{"line":91,"column":18},"end":{"line":91,"column":34}},{"start":{"line":91,"column":38},"end":{"line":91,"column":47}}],"line":91},"16":{"loc":{"start":{"line":93,"column":6},"end":{"line":93,"column":44}},"type":"if","locations":[{"start":{"line":93,"column":6},"end":{"line":93,"column":44}},{"start":{},"end":{}}],"line":93},"17":{"loc":{"start":{"line":96,"column":6},"end":{"line":96,"column":37}},"type":"if","locations":[{"start":{"line":96,"column":6},"end":{"line":96,"column":37}},{"start":{},"end":{}}],"line":96},"18":{"loc":{"start":{"line":107,"column":2},"end":{"line":107,"column":89}},"type":"if","locations":[{"start":{"line":107,"column":2},"end":{"line":107,"column":89}},{"start":{},"end":{}}],"line":107},"19":{"loc":{"start":{"line":121,"column":2},"end":{"line":122,"column":21}},"type":"if","locations":[{"start":{"line":121,"column":2},"end":{"line":122,"column":21}},{"start":{"line":122,"column":7},"end":{"line":122,"column":21}}],"line":121}},"s":{"0":3,"1":11,"2":3,"3":3,"4":3,"5":3,"6":3,"7":3,"8":3,"9":461,"10":15,"11":4,"12":11,"13":11,"14":9,"15":9,"16":9,"17":1,"18":8,"19":8,"20":1,"21":7,"22":7,"23":7,"24":1,"25":6,"26":6,"27":6,"28":6,"29":1,"30":5,"31":1,"32":4,"33":4,"34":2,"35":4,"36":6,"37":6,"38":6,"39":6,"40":6,"41":2,"42":2,"43":1,"44":1,"45":3,"46":11,"47":16,"48":1,"49":15},"f":{"0":11,"1":461,"2":15,"3":9,"4":6,"5":6,"6":1,"7":6,"8":2,"9":3,"10":11,"11":16},"b":{"0":[461,461,460,459],"1":[9],"2":[4,11],"3":[15,13],"4":[11,11,9,7,7],"5":[6],"6":[6],"7":[9],"8":[1,8],"9":[1,7],"10":[8,1],"11":[3,4],"12":[1,6],"13":[3,3],"14":[1,4],"15":[4,0],"16":[2,2],"17":[6,0],"18":[1,1],"19":[1,15]},"_coverageSchema":"1a1c01bbd47fc00a2c39e90264f33305004495a9","hash":"9b51ed8f6b61ba69d6ab254ad789eb967e13e084"}
,"/Users/muhammad/Desktop/rn-waveform/src/normalize.ts": {"path":"/Users/muhammad/Desktop/rn-waveform/src/normalize.ts","statementMap":{"0":{"start":{"line":8,"column":22},"end":{"line":8,"column":25}},"1":{"start":{"line":9,"column":18},"end":{"line":9,"column":22}},"2":{"start":{"line":11,"column":16},"end":{"line":11,"column":20}},"3":{"start":{"line":16,"column":16},"end":{"line":16,"column":17}},"4":{"start":{"line":17,"column":2},"end":{"line":17,"column":67}},"5":{"start":{"line":17,"column":30},"end":{"line":17,"column":67}},"6":{"start":{"line":17,"column":51},"end":{"line":17,"column":67}},"7":{"start":{"line":18,"column":2},"end":{"line":18,"column":60}},"8":{"start":{"line":18,"column":25},"end":{"line":18,"column":60}},"9":{"start":{"line":18,"column":49},"end":{"line":18,"column":58}},"10":{"start":{"line":19,"column":2},"end":{"line":22,"column":5}},"11":{"start":{"line":20,"column":18},"end":{"line":20,"column":95}},"12":{"start":{"line":21,"column":4},"end":{"line":21,"column":47}}},"fnMap":{"0":{"name":"normalizeLoudness","decl":{"start":{"line":13,"column":16},"end":{"line":13,"column":33}},"loc":{"start":{"line":13,"column":71},"end":{"line":23,"column":1}},"line":13},"1":{"name":"(anonymous_1)","decl":{"start":{"line":18,"column":43},"end":{"line":18,"column":44}},"loc":{"start":{"line":18,"column":49},"end":{"line":18,"column":58}},"line":18},"2":{"name":"(anonymous_2)","decl":{"start":{"line":19,"column":20},"end":{"line":19,"column":21}},"loc":{"start":{"line":19,"column":29},"end":{"line":22,"column":3}},"line":19}},"branchMap":{"0":{"loc":{"start":{"line":17,"column":30},"end":{"line":17,"column":67}},"type":"if","locations":[{"start":{"line":17,"column":30},"end":{"line":17,"column":67}},{"start":{},"end":{}}],"line":17},"1":{"loc":{"start":{"line":18,"column":2},"end":{"line":18,"column":60}},"type":"if","locations":[{"start":{"line":18,"column":2},"end":{"line":18,"column":60}},{"start":{},"end":{}}],"line":18}},"s":{"0":2,"1":2,"2":2,"3":15,"4":15,"5":100033,"6":130,"7":15,"8":4,"9":6,"10":11,"11":100027,"12":100027},"f":{"0":15,"1":6,"2":100027},"b":{"0":[130,99903],"1":[4,11]},"_coverageSchema":"1a1c01bbd47fc00a2c39e90264f33305004495a9","hash":"d85e46322188a6d69290c030113747de91d1218d"}
,"/Users/muhammad/Desktop/rn-waveform/src/useWaveform.ts": {"path":"/Users/muhammad/Desktop/rn-waveform/src/useWaveform.ts","statementMap":{"0":{"start":{"line":28,"column":46},"end":{"line":28,"column":53}},"1":{"start":{"line":29,"column":16},"end":{"line":32,"column":3}},"2":{"start":{"line":30,"column":10},"end":{"line":30,"column":64}},"3":{"start":{"line":33,"column":28},"end":{"line":33,"column":47}},"4":{"start":{"line":35,"column":2},"end":{"line":61,"column":38}},"5":{"start":{"line":36,"column":4},"end":{"line":36,"column":31}},"6":{"start":{"line":36,"column":24},"end":{"line":36,"column":31}},"7":{"start":{"line":37,"column":20},"end":{"line":37,"column":25}},"8":{"start":{"line":39,"column":4},"end":{"line":49,"column":5}},"9":{"start":{"line":40,"column":6},"end":{"line":48,"column":8}},"10":{"start":{"line":43,"column":10},"end":{"line":45,"column":11}},"11":{"start":{"line":44,"column":12},"end":{"line":44,"column":93}},"12":{"start":{"line":44,"column":30},"end":{"line":44,"column":90}},"13":{"start":{"line":51,"column":4},"end":{"line":58,"column":6}},"14":{"start":{"line":52,"column":20},"end":{"line":52,"column":78}},"15":{"start":{"line":52,"column":36},"end":{"line":52,"column":78}},"16":{"start":{"line":54,"column":8},"end":{"line":56,"column":9}},"17":{"start":{"line":55,"column":10},"end":{"line":55,"column":98}},"18":{"start":{"line":55,"column":28},"end":{"line":55,"column":95}},"19":{"start":{"line":60,"column":4},"end":{"line":60,"column":39}},"20":{"start":{"line":60,"column":19},"end":{"line":60,"column":36}},"21":{"start":{"line":63,"column":18},"end":{"line":63,"column":50}},"22":{"start":{"line":64,"column":14},"end":{"line":64,"column":39}},"23":{"start":{"line":65,"column":18},"end":{"line":65,"column":91}},"24":{"start":{"line":65,"column":33},"end":{"line":65,"column":82}},"25":{"start":{"line":66,"column":17},"end":{"line":69,"column":3}},"26":{"start":{"line":67,"column":11},"end":{"line":67,"column":83}},"27":{"start":{"line":70,"column":17},"end":{"line":70,"column":50}},"28":{"start":{"line":72,"column":2},"end":{"line":82,"column":4}}},"fnMap":{"0":{"name":"useWaveform","decl":{"start":{"line":27,"column":16},"end":{"line":27,"column":27}},"loc":{"start":{"line":27,"column":84},"end":{"line":83,"column":1}},"line":27},"1":{"name":"(anonymous_1)","decl":{"start":{"line":30,"column":4},"end":{"line":30,"column":5}},"loc":{"start":{"line":30,"column":10},"end":{"line":30,"column":64}},"line":30},"2":{"name":"(anonymous_2)","decl":{"start":{"line":35,"column":12},"end":{"line":35,"column":13}},"loc":{"start":{"line":35,"column":18},"end":{"line":61,"column":3}},"line":35},"3":{"name":"(anonymous_3)","decl":{"start":{"line":41,"column":8},"end":{"line":41,"column":9}},"loc":{"start":{"line":41,"column":20},"end":{"line":46,"column":9}},"line":41},"4":{"name":"(anonymous_4)","decl":{"start":{"line":44,"column":21},"end":{"line":44,"column":22}},"loc":{"start":{"line":44,"column":30},"end":{"line":44,"column":90}},"line":44},"5":{"name":"(anonymous_5)","decl":{"start":{"line":47,"column":8},"end":{"line":47,"column":9}},"loc":{"start":{"line":47,"column":14},"end":{"line":47,"column":16}},"line":47},"6":{"name":"(anonymous_6)","decl":{"start":{"line":52,"column":6},"end":{"line":52,"column":7}},"loc":{"start":{"line":52,"column":18},"end":{"line":52,"column":80}},"line":52},"7":{"name":"(anonymous_7)","decl":{"start":{"line":53,"column":6},"end":{"line":53,"column":7}},"loc":{"start":{"line":53,"column":12},"end":{"line":57,"column":7}},"line":53},"8":{"name":"(anonymous_8)","decl":{"start":{"line":55,"column":19},"end":{"line":55,"column":20}},"loc":{"start":{"line":55,"column":28},"end":{"line":55,"column":95}},"line":55},"9":{"name":"(anonymous_9)","decl":{"start":{"line":60,"column":11},"end":{"line":60,"column":12}},"loc":{"start":{"line":60,"column":17},"end":{"line":60,"column":38}},"line":60},"10":{"name":"(anonymous_10)","decl":{"start":{"line":65,"column":26},"end":{"line":65,"column":27}},"loc":{"start":{"line":65,"column":33},"end":{"line":65,"column":82}},"line":65},"11":{"name":"(anonymous_11)","decl":{"start":{"line":67,"column":4},"end":{"line":67,"column":5}},"loc":{"start":{"line":67,"column":11},"end":{"line":67,"column":83}},"line":67}},"branchMap":{"0":{"loc":{"start":{"line":27,"column":50},"end":{"line":27,"column":82}},"type":"default-arg","locations":[{"start":{"line":27,"column":80},"end":{"line":27,"column":82}}],"line":27},"1":{"loc":{"start":{"line":28,"column":10},"end":{"line":28,"column":27}},"type":"default-arg","locations":[{"start":{"line":28,"column":23},"end":{"line":28,"column":27}}],"line":28},"2":{"loc":{"start":{"line":30,"column":10},"end":{"line":30,"column":64}},"type":"binary-expr","locations":[{"start":{"line":30,"column":10},"end":{"line":30,"column":16}},{"start":{"line":30,"column":21},"end":{"line":30,"column":63}}],"line":30},"3":{"loc":{"start":{"line":30,"column":21},"end":{"line":30,"column":63}},"type":"cond-expr","locations":[{"start":{"line":30,"column":28},"end":{"line":30,"column":51}},{"start":{"line":30,"column":54},"end":{"line":30,"column":63}}],"line":30},"4":{"loc":{"start":{"line":36,"column":4},"end":{"line":36,"column":31}},"type":"if","locations":[{"start":{"line":36,"column":4},"end":{"line":36,"column":31}},{"start":{},"end":{}}],"line":36},"5":{"loc":{"start":{"line":36,"column":8},"end":{"line":36,"column":22}},"type":"binary-expr","locations":[{"start":{"line":36,"column":8},"end":{"line":36,"column":13}},{"start":{"line":36,"column":17},"end":{"line":36,"column":22}}],"line":36},"6":{"loc":{"start":{"line":39,"column":4},"end":{"line":49,"column":5}},"type":"if","locations":[{"start":{"line":39,"column":4},"end":{"line":49,"column":5}},{"start":{},"end":{}}],"line":39},"7":{"loc":{"start":{"line":43,"column":10},"end":{"line":45,"column":11}},"type":"if","locations":[{"start":{"line":43,"column":10},"end":{"line":45,"column":11}},{"start":{},"end":{}}],"line":43},"8":{"loc":{"start":{"line":44,"column":30},"end":{"line":44,"column":90}},"type":"cond-expr","locations":[{"start":{"line":44,"column":65},"end":{"line":44,"column":69}},{"start":{"line":44,"column":72},"end":{"line":44,"column":90}}],"line":44},"9":{"loc":{"start":{"line":44,"column":30},"end":{"line":44,"column":62}},"type":"binary-expr","locations":[{"start":{"line":44,"column":30},"end":{"line":44,"column":48}},{"start":{"line":44,"column":52},"end":{"line":44,"column":62}}],"line":44},"10":{"loc":{"start":{"line":52,"column":20},"end":{"line":52,"column":78}},"type":"if","locations":[{"start":{"line":52,"column":20},"end":{"line":52,"column":78}},{"start":{},"end":{}}],"line":52},"11":{"loc":{"start":{"line":54,"column":8},"end":{"line":56,"column":9}},"type":"if","locations":[{"start":{"line":54,"column":8},"end":{"line":56,"column":9}},{"start":{},"end":{}}],"line":54},"12":{"loc":{"start":{"line":55,"column":28},"end":{"line":55,"column":95}},"type":"cond-expr","locations":[{"start":{"line":55,"column":66},"end":{"line":55,"column":70}},{"start":{"line":55,"column":73},"end":{"line":55,"column":95}}],"line":55},"13":{"loc":{"start":{"line":55,"column":28},"end":{"line":55,"column":63}},"type":"binary-expr","locations":[{"start":{"line":55,"column":28},"end":{"line":55,"column":46}},{"start":{"line":55,"column":50},"end":{"line":55,"column":63}}],"line":55},"14":{"loc":{"start":{"line":63,"column":18},"end":{"line":63,"column":50}},"type":"cond-expr","locations":[{"start":{"line":63,"column":40},"end":{"line":63,"column":45}},{"start":{"line":63,"column":48},"end":{"line":63,"column":50}}],"line":63},"15":{"loc":{"start":{"line":64,"column":14},"end":{"line":64,"column":39}},"type":"binary-expr","locations":[{"start":{"line":64,"column":14},"end":{"line":64,"column":19}},{"start":{"line":64,"column":23},"end":{"line":64,"column":39}}],"line":64},"16":{"loc":{"start":{"line":65,"column":33},"end":{"line":65,"column":82}},"type":"cond-expr","locations":[{"start":{"line":65,"column":39},"end":{"line":65,"column":70}},{"start":{"line":65,"column":73},"end":{"line":65,"column":82}}],"line":65},"17":{"loc":{"start":{"line":67,"column":11},"end":{"line":67,"column":83}},"type":"cond-expr","locations":[{"start":{"line":67,"column":42},"end":{"line":67,"column":71}},{"start":{"line":67,"column":74},"end":{"line":67,"column":83}}],"line":67},"18":{"loc":{"start":{"line":67,"column":11},"end":{"line":67,"column":39}},"type":"binary-expr","locations":[{"start":{"line":67,"column":11},"end":{"line":67,"column":14}},{"start":{"line":67,"column":18},"end":{"line":67,"column":39}}],"line":67},"19":{"loc":{"start":{"line":70,"column":17},"end":{"line":70,"column":50}},"type":"binary-expr","locations":[{"start":{"line":70,"column":17},"end":{"line":70,"column":23}},{"start":{"line":70,"column":27},"end":{"line":70,"column":50}}],"line":70},"20":{"loc":{"start":{"line":80,"column":21},"end":{"line":80,"column":48}},"type":"binary-expr","locations":[{"start":{"line":80,"column":21},"end":{"line":80,"column":25}},{"start":{"line":80,"column":29},"end":{"line":80,"column":37}},{"start":{"line":80,"column":41},"end":{"line":80,"column":48}}],"line":80}},"s":{"0":12,"1":12,"2":6,"3":12,"4":12,"5":6,"6":1,"7":5,"8":5,"9":3,"10":2,"11":2,"12":2,"13":5,"14":4,"15":3,"16":1,"17":1,"18":1,"19":5,"20":5,"21":12,"22":12,"23":12,"24":9,"25":12,"26":9,"27":12,"28":12},"f":{"0":12,"1":6,"2":6,"3":2,"4":2,"5":1,"6":4,"7":1,"8":1,"9":5,"10":9,"11":9},"b":{"0":[8],"1":[9],"2":[6,5],"3":[5,0],"4":[1,5],"5":[6,6],"6":[3,2],"7":[2,0],"8":[1,1],"9":[2,1],"10":[3,1],"11":[1,0],"12":[0,1],"13":[1,0],"14":[6,6],"15":[12,11],"16":[5,4],"17":[4,5],"18":[9,5],"19":[12,11],"20":[12,12,6]},"_coverageSchema":"1a1c01bbd47fc00a2c39e90264f33305004495a9","hash":"b2ccb4fb15134939c4d2d309cb82ba1338dc35b6"}
}
