TN:
SF:src/Waveform.tsx
FN:84,chunkRange
FN:99,(anonymous_1)
FN:129,Waveform
FN:182,(anonymous_3)
FN:186,(anonymous_4)
FN:193,(anonymous_5)
FN:199,(anonymous_6)
FN:208,(anonymous_7)
FN:249,(anonymous_8)
FN:250,(anonymous_9)
FN:259,(anonymous_10)
FN:267,(anonymous_11)
FN:268,(anonymous_12)
FN:275,(anonymous_13)
FN:278,(anonymous_14)
FN:285,(anonymous_15)
FN:289,(anonymous_16)
FN:296,(anonymous_17)
FN:307,(anonymous_18)
FN:318,(anonymous_19)
FN:319,(anonymous_20)
FN:327,(anonymous_21)
FN:331,(anonymous_22)
FN:336,(anonymous_23)
FN:343,(anonymous_24)
FNF:25
FNH:20
FNDA:9,chunkRange
FNDA:186,(anonymous_1)
FNDA:21,Waveform
FNDA:9,(anonymous_3)
FNDA:12,(anonymous_4)
FNDA:9,(anonymous_5)
FNDA:14,(anonymous_6)
FNDA:22,(anonymous_7)
FNDA:0,(anonymous_8)
FNDA:0,(anonymous_9)
FNDA:0,(anonymous_10)
FNDA:4,(anonymous_11)
FNDA:4,(anonymous_12)
FNDA:12,(anonymous_13)
FNDA:4,(anonymous_14)
FNDA:4,(anonymous_15)
FNDA:3,(anonymous_16)
FNDA:3,(anonymous_17)
FNDA:1,(anonymous_18)
FNDA:0,(anonymous_19)
FNDA:0,(anonymous_20)
FNDA:9,(anonymous_21)
FNDA:9,(anonymous_22)
FNDA:120,(anonymous_23)
FNDA:120,(anonymous_24)
DA:16,1
DA:24,1
DA:31,1
DA:32,1
DA:34,1
DA:42,1
DA:43,1
DA:44,1
DA:85,9
DA:86,93
DA:87,9
DA:99,1
DA:100,186
DA:101,186
DA:102,186
DA:104,186
DA:105,186
DA:106,186
DA:107,11904
DA:108,11904
DA:109,11904
DA:110,11904
DA:111,11904
DA:113,186
DA:152,21
DA:153,21
DA:154,21
DA:155,21
DA:156,21
DA:157,21
DA:158,21
DA:159,21
DA:160,21
DA:166,21
DA:167,21
DA:168,21
DA:169,21
DA:170,21
DA:171,21
DA:172,21
DA:173,21
DA:174,21
DA:175,21
DA:178,21
DA:179,21
DA:180,21
DA:182,21
DA:183,9
DA:186,21
DA:188,12
DA:189,12
DA:190,12
DA:193,21
DA:194,9
DA:195,9
DA:196,9
DA:199,21
DA:200,14
DA:201,14
DA:202,14
DA:203,14
DA:205,0
DA:206,0
DA:208,14
DA:209,22
DA:212,14
DA:214,6
DA:215,6
DA:216,6
DA:217,6
DA:218,6
DA:220,14
DA:221,8
DA:222,8
DA:223,8
DA:224,1
DA:226,1
DA:227,1
DA:229,0
DA:231,7
DA:232,1
DA:233,1
DA:234,1
DA:236,6
DA:239,13
DA:240,1
DA:241,1
DA:242,1
DA:244,13
DA:248,21
DA:249,0
DA:251,0
DA:252,0
DA:253,0
DA:259,21
DA:265,21
DA:266,21
DA:267,21
DA:268,21
DA:269,4
DA:270,4
DA:272,21
DA:274,21
DA:276,12
DA:279,4
DA:280,4
DA:281,4
DA:282,4
DA:283,4
DA:286,4
DA:287,4
DA:290,3
DA:298,3
DA:299,3
DA:300,3
DA:301,3
DA:302,3
DA:303,3
DA:308,1
DA:309,1
DA:310,1
DA:311,1
DA:312,1
DA:318,21
DA:319,21
DA:320,0
DA:321,0
DA:322,0
DA:327,21
DA:329,21
DA:331,9
DA:337,120
DA:344,120
DA:386,1
LF:134
LH:124
BRDA:86,0,0,102
BRDA:86,0,1,93
BRDA:102,1,0,0
BRDA:102,1,1,186
BRDA:102,2,0,186
BRDA:102,2,1,186
BRDA:131,3,0,0
BRDA:134,4,0,8
BRDA:135,5,0,8
BRDA:136,6,0,21
BRDA:137,7,0,21
BRDA:141,8,0,21
BRDA:142,9,0,21
BRDA:143,10,0,21
BRDA:145,11,0,21
BRDA:146,12,0,21
BRDA:147,13,0,21
BRDA:148,14,0,21
BRDA:188,15,0,0
BRDA:188,15,1,12
BRDA:201,16,0,5
BRDA:201,16,1,9
BRDA:203,17,0,0
BRDA:203,17,1,14
BRDA:209,18,0,22
BRDA:209,18,1,0
BRDA:209,19,0,22
BRDA:209,19,1,22
BRDA:212,20,0,6
BRDA:212,20,1,8
BRDA:214,21,0,5
BRDA:214,21,1,1
BRDA:218,22,0,1
BRDA:218,22,1,5
BRDA:218,23,0,6
BRDA:218,23,1,1
BRDA:220,24,0,8
BRDA:220,24,1,6
BRDA:223,25,0,1
BRDA:223,25,1,7
BRDA:224,26,0,1
BRDA:224,26,1,0
BRDA:224,27,0,1
BRDA:224,27,1,1
BRDA:231,28,0,1
BRDA:231,28,1,6
BRDA:231,29,0,7
BRDA:231,29,1,7
BRDA:239,30,0,1
BRDA:239,30,1,12
BRDA:251,31,0,0
BRDA:251,31,1,0
BRDA:270,32,0,4
BRDA:270,32,1,0
BRDA:270,33,0,4
BRDA:270,33,1,4
BRDA:272,34,0,21
BRDA:272,34,1,18
BRDA:298,35,0,0
BRDA:298,35,1,3
BRDA:308,36,0,0
BRDA:308,36,1,1
BRDA:308,37,0,1
BRDA:308,37,1,1
BRDA:318,38,0,0
BRDA:318,38,1,0
BRDA:332,39,0,21
BRDA:332,39,1,12
BRDA:348,40,0,12
BRDA:348,40,1,0
BRDA:365,41,0,12
BRDA:365,41,1,12
BRF:72
BRH:58
end_of_record
TN:
SF:src/decode.ts
FN:3,(anonymous_0)
FN:28,(anonymous_1)
FN:31,isValidWaveform
FN:58,decodeWaveform
FN:75,(anonymous_4)
FN:80,(anonymous_5)
FN:82,(anonymous_6)
FN:101,(anonymous_7)
FN:105,getDurationSeconds
FN:112,cacheWaveform
FN:116,getCachedWaveform
FN:120,clearWaveformCache
FNF:12
FNH:12
FNDA:11,(anonymous_0)
FNDA:461,(anonymous_1)
FNDA:15,isValidWaveform
FNDA:9,decodeWaveform
FNDA:6,(anonymous_4)
FNDA:6,(anonymous_5)
FNDA:1,(anonymous_6)
FNDA:6,(anonymous_7)
FNDA:2,getDurationSeconds
FNDA:3,cacheWaveform
FNDA:11,getCachedWaveform
FNDA:16,clearWaveformCache
DA:3,11
DA:16,3
DA:18,3
DA:22,3
DA:23,3
DA:25,3
DA:26,3
DA:28,3
DA:29,461
DA:32,15
DA:33,11
DA:34,11
DA:59,9
DA:60,9
DA:61,9
DA:62,1
DA:68,8
DA:69,8
DA:71,7
DA:72,7
DA:73,7
DA:75,6
DA:77,6
DA:78,6
DA:81,6
DA:82,1
DA:87,5
DA:88,4
DA:93,4
DA:94,4
DA:96,6
DA:100,6
DA:101,6
DA:106,2
DA:107,2
DA:108,1
DA:113,3
DA:117,11
DA:121,16
DA:122,15
LF:40
LH:40
BRDA:29,0,0,461
BRDA:29,0,1,461
BRDA:29,0,2,460
BRDA:29,0,3,459
BRDA:31,1,0,9
BRDA:32,2,0,4
BRDA:32,2,1,11
BRDA:32,3,0,15
BRDA:32,3,1,13
BRDA:35,4,0,11
BRDA:35,4,1,11
BRDA:35,4,2,9
BRDA:35,4,3,7
BRDA:35,4,4,7
BRDA:58,5,0,6
BRDA:59,6,0,6
BRDA:59,7,0,9
BRDA:61,8,0,1
BRDA:61,8,1,8
BRDA:69,9,0,1
BRDA:69,9,1,7
BRDA:69,10,0,8
BRDA:69,10,1,1
BRDA:71,11,0,3
BRDA:71,11,1,4
BRDA:73,12,0,1
BRDA:73,12,1,6
BRDA:83,13,0,3
BRDA:83,13,1,3
BRDA:87,14,0,1
BRDA:87,14,1,4
BRDA:91,15,0,4
BRDA:91,15,1,0
BRDA:93,16,0,2
BRDA:93,16,1,2
BRDA:96,17,0,6
BRDA:96,17,1,0
BRDA:107,18,0,1
BRDA:107,18,1,1
BRDA:121,19,0,1
BRDA:121,19,1,15
BRF:41
BRH:39
end_of_record
TN:
SF:src/normalize.ts
FN:13,normalizeLoudness
FN:18,(anonymous_1)
FN:19,(anonymous_2)
FNF:3
FNH:3
FNDA:15,normalizeLoudness
FNDA:6,(anonymous_1)
FNDA:100027,(anonymous_2)
DA:8,2
DA:9,2
DA:11,2
DA:16,15
DA:17,100033
DA:18,15
DA:19,11
DA:20,100027
DA:21,100027
LF:9
LH:9
BRDA:17,0,0,130
BRDA:17,0,1,99903
BRDA:18,1,0,4
BRDA:18,1,1,11
BRF:4
BRH:4
end_of_record
TN:
SF:src/useWaveform.ts
FN:27,useWaveform
FN:30,(anonymous_1)
FN:35,(anonymous_2)
FN:41,(anonymous_3)
FN:44,(anonymous_4)
FN:47,(anonymous_5)
FN:52,(anonymous_6)
FN:53,(anonymous_7)
FN:55,(anonymous_8)
FN:60,(anonymous_9)
FN:65,(anonymous_10)
FN:67,(anonymous_11)
FNF:12
FNH:12
FNDA:12,useWaveform
FNDA:6,(anonymous_1)
FNDA:6,(anonymous_2)
FNDA:2,(anonymous_3)
FNDA:2,(anonymous_4)
FNDA:1,(anonymous_5)
FNDA:4,(anonymous_6)
FNDA:1,(anonymous_7)
FNDA:1,(anonymous_8)
FNDA:5,(anonymous_9)
FNDA:9,(anonymous_10)
FNDA:9,(anonymous_11)
DA:28,12
DA:29,12
DA:30,6
DA:33,12
DA:35,12
DA:36,6
DA:37,5
DA:39,5
DA:40,3
DA:43,2
DA:44,2
DA:51,5
DA:52,4
DA:54,1
DA:55,1
DA:60,5
DA:63,12
DA:64,12
DA:65,12
DA:66,12
DA:67,9
DA:70,12
DA:72,12
LF:23
LH:23
BRDA:27,0,0,8
BRDA:28,1,0,9
BRDA:30,2,0,6
BRDA:30,2,1,5
BRDA:30,3,0,5
BRDA:30,3,1,0
BRDA:36,4,0,1
BRDA:36,4,1,5
BRDA:36,5,0,6
BRDA:36,5,1,6
BRDA:39,6,0,3
BRDA:39,6,1,2
BRDA:43,7,0,2
BRDA:43,7,1,0
BRDA:44,8,0,1
BRDA:44,8,1,1
BRDA:44,9,0,2
BRDA:44,9,1,1
BRDA:52,10,0,3
BRDA:52,10,1,1
BRDA:54,11,0,1
BRDA:54,11,1,0
BRDA:55,12,0,0
BRDA:55,12,1,1
BRDA:55,13,0,1
BRDA:55,13,1,0
BRDA:63,14,0,6
BRDA:63,14,1,6
BRDA:64,15,0,12
BRDA:64,15,1,11
BRDA:65,16,0,5
BRDA:65,16,1,4
BRDA:67,17,0,4
BRDA:67,17,1,5
BRDA:67,18,0,9
BRDA:67,18,1,5
BRDA:70,19,0,12
BRDA:70,19,1,11
BRDA:80,20,0,12
BRDA:80,20,1,12
BRDA:80,20,2,6
BRF:41
BRH:36
end_of_record
